<?xml version="1.0" encoding="UTF-8"?>
<testng-results skipped="0" failed="0" ignored="0" total="1" passed="1">
  <reporter-output>
  </reporter-output>
  <suite name="Amazon Automation Script " duration-ms="23502" started-at="2019-05-12T20:18:20Z" finished-at="2019-05-12T20:18:43Z">
    <groups>
    </groups>
    <test name="Amazon Test" duration-ms="23502" started-at="2019-05-12T20:18:20Z" finished-at="2019-05-12T20:18:43Z">
      <class name="amazonTestPackage.HomePageTest">
        <test-method status="PASS" signature="Setup(java.lang.String, java.lang.String, java.lang.String)[pri:0, instance:amazonTestPackage.HomePageTest@13fee20c]" name="Setup" is-config="true" duration-ms="4280" started-at="2019-05-12T20:18:20Z" finished-at="2019-05-12T20:18:24Z">
          <params>
            <param index="0">
              <value>
                <![CDATA[mac]]>
              </value>
            </param>
            <param index="1">
              <value>
                <![CDATA[https://www.amazon.com]]>
              </value>
            </param>
            <param index="2">
              <value>
                <![CDATA[Chrome]]>
              </value>
            </param>
          </params>
          <reporter-output>
          </reporter-output>
        </test-method> <!-- Setup -->
        <test-method status="PASS" signature="TestAmazonPage()[pri:0, instance:amazonTestPackage.HomePageTest@13fee20c]" name="TestAmazonPage" duration-ms="19083" started-at="2019-05-12T20:18:24Z" finished-at="2019-05-12T20:18:43Z">
          <reporter-output>
          </reporter-output>
        </test-method> <!-- TestAmazonPage -->
        <test-method status="PASS" signature="Quit()[pri:0, instance:amazonTestPackage.HomePageTest@13fee20c]" name="Quit" is-config="true" duration-ms="122" started-at="2019-05-12T20:18:43Z" finished-at="2019-05-12T20:18:43Z">
          <reporter-output>
          </reporter-output>
        </test-method> <!-- Quit -->
      </class> <!-- amazonTestPackage.HomePageTest -->
    </test> <!-- Amazon Test -->
  </suite> <!-- Amazon Automation Script  -->
</testng-results>
